<?xml version="1.0" encoding="UTF-8"?>
<!-- Generated by org.testng.reporters.JUnitReportReporter -->
<testsuite hostname="EdgarMunoz" name="com.revature.testsuites.MercuryLogin" tests="3" failures="0" timestamp="30 Aug 2017 18:16:43 GMT" time="4.599" errors="0">
  <testcase name="dataProviderExample" time="1.750" classname="com.revature.testsuites.MercuryLogin"/>
  <testcase name="dataProviderExample" time="1.318" classname="com.revature.testsuites.MercuryLogin"/>
  <testcase name="dataProviderExample" time="1.531" classname="com.revature.testsuites.MercuryLogin"/>
</testsuite> <!-- com.revature.testsuites.MercuryLogin -->
